[PREINITIALIZATION][CLIENT][INFO] Thank you to the Patreon supporters below and others who make CraftTweaker possible!
Pongo Sapiens
Jellycraft
Lucas
Hooley
embeddedt
Jessie Sims
Quaternary
Jordan Pineo
NerdyWhiteGuy
Genryu
Peregrinus11
Ncc1702
NickT
DreamThorn
Ivy_
Zuniroa
Phillip Swearingain
Jonathan McManus
Spencer Gilbert
Belathus
If you want to support the mod, checkout https://patreon.com/jaredlll08?s=crtmod

[PREINITIALIZATION][CLIENT][INFO] Current loaders after merging: [[preinit]]
[PREINITIALIZATION][CLIENT][INFO] Loading scripts for loader with names [preinit]
[PREINITIALIZATION][CLIENT][INFO] Completed script loading in: 0ms
